  Building Custom Rule D:/cmgarcia/github/Vikr/CMakeLists.txt
  CMake does not need to re-run because D:\cmgarcia\github\Vikr\build\CMakeFiles\generate.stamp is up-to-date.
  vikr.cpp
D:\cmgarcia\github\Vikr\vikr-source\platform/vikr_time.hpp(35): warning C4244: 'initializing': conversion from 'vikr::vreal64' to 'vikr::vreal32', possible loss of data
  vikr_log.cpp
  first_person_camera.cpp
D:\cmgarcia\github\Vikr\vikr-source\platform/vikr_time.hpp(35): warning C4244: 'initializing': conversion from 'vikr::vreal64' to 'vikr::vreal32', possible loss of data
D:\cmgarcia\github\Vikr\vikr-source\scene/camera.hpp(58): warning C4244: '=': conversion from 'vikr::vreal64' to 'vikr::vreal32', possible loss of data
  camera.cpp
D:\cmgarcia\github\Vikr\vikr-source\platform/vikr_time.hpp(35): warning C4244: 'initializing': conversion from 'vikr::vreal64' to 'vikr::vreal32', possible loss of data
D:\cmgarcia\github\Vikr\vikr-source\scene/camera.hpp(58): warning C4244: '=': conversion from 'vikr::vreal64' to 'vikr::vreal32', possible loss of data
  renderer.cpp
  vkrenderer.cpp
  glrenderer.cpp
  mesh_command.cpp
  program_state.cpp
  framebuffer.cpp
  model.cpp
  mesh.cpp
  shader.cpp
  gl_shader.cpp
  material.cpp
  texture.cpp
  stb_image.cpp
  keyboard.cpp
  mouse.cpp
  cube.cpp
  Generating Code...
d:\cmgarcia\github\vikr\vikr-source\vikr.hpp(20): warning C4715: 'vikr::LoadGlad': not all control paths return a value
  Compiling...
  quad.cpp
  point_light.cpp
  directional_light.cpp
  spot_light.cpp
  Generating Code...
  glad.c
texture.obj : warning LNK4221: This object file does not define any previously undefined public symbols, so it will not be used by any link operation that consumes this library
material.obj : warning LNK4221: This object file does not define any previously undefined public symbols, so it will not be used by any link operation that consumes this library
  Vikr_v0.01.vcxproj -> D:\cmgarcia\github\Vikr\build\Debug\Vikr_v0.01.lib
