d:\cmgarcia\github\vikr\build\vikr_v0.01.dir\debug\vikr_v0.01.pdb
d:\cmgarcia\github\vikr\build\vikr_v0.01.dir\debug\glad.obj
d:\cmgarcia\github\vikr\build\vikr_v0.01.dir\debug\render_queue.obj
d:\cmgarcia\github\vikr\build\vikr_v0.01.dir\debug\group_command.obj
d:\cmgarcia\github\vikr\build\vikr_v0.01.dir\debug\mesh_command.obj
d:\cmgarcia\github\vikr\build\vikr_v0.01.dir\debug\render_command.obj
d:\cmgarcia\github\vikr\build\vikr_v0.01.dir\debug\renderer.obj
d:\cmgarcia\github\vikr\build\vikr_v0.01.dir\debug\glrenderer.obj
d:\cmgarcia\github\vikr\build\vikr_v0.01.dir\debug\gl_rendertarget.obj
d:\cmgarcia\github\vikr\build\vikr_v0.01.dir\debug\vkrenderer.obj
d:\cmgarcia\github\vikr\build\vikr_v0.01.dir\debug\mesh.obj
d:\cmgarcia\github\vikr\build\vikr_v0.01.dir\debug\model.obj
d:\cmgarcia\github\vikr\build\vikr_v0.01.dir\debug\glmesh.obj
d:\cmgarcia\github\vikr\build\vikr_v0.01.dir\debug\vkmesh.obj
d:\cmgarcia\github\vikr\build\vikr_v0.01.dir\debug\sphere.obj
d:\cmgarcia\github\vikr\build\vikr_v0.01.dir\debug\quad.obj
d:\cmgarcia\github\vikr\build\vikr_v0.01.dir\debug\cube.obj
d:\cmgarcia\github\vikr\build\vikr_v0.01.dir\debug\spot_light.obj
d:\cmgarcia\github\vikr\build\vikr_v0.01.dir\debug\directional_light.obj
d:\cmgarcia\github\vikr\build\vikr_v0.01.dir\debug\point_light.obj
d:\cmgarcia\github\vikr\build\vikr_v0.01.dir\debug\mouse.obj
d:\cmgarcia\github\vikr\build\vikr_v0.01.dir\debug\keyboard.obj
d:\cmgarcia\github\vikr\build\vikr_v0.01.dir\debug\glsl_shader.obj
d:\cmgarcia\github\vikr\build\vikr_v0.01.dir\debug\glsl_linker.obj
d:\cmgarcia\github\vikr\build\vikr_v0.01.dir\debug\glsl_compiler.obj
d:\cmgarcia\github\vikr\build\vikr_v0.01.dir\debug\gl_texture3d.obj
d:\cmgarcia\github\vikr\build\vikr_v0.01.dir\debug\gl_texture2d.obj
d:\cmgarcia\github\vikr\build\vikr_v0.01.dir\debug\gl_texture1d.obj
d:\cmgarcia\github\vikr\build\vikr_v0.01.dir\debug\gl_texture.obj
d:\cmgarcia\github\vikr\build\vikr_v0.01.dir\debug\glsl_preprocessor.obj
d:\cmgarcia\github\vikr\build\vikr_v0.01.dir\debug\spirv_compiler.obj
d:\cmgarcia\github\vikr\build\vikr_v0.01.dir\debug\camera.obj
d:\cmgarcia\github\vikr\build\vikr_v0.01.dir\debug\transform.obj
d:\cmgarcia\github\vikr\build\vikr_v0.01.dir\debug\scene.obj
d:\cmgarcia\github\vikr\build\vikr_v0.01.dir\debug\scene_node.obj
d:\cmgarcia\github\vikr\build\vikr_v0.01.dir\debug\guid_generator.obj
d:\cmgarcia\github\vikr\build\vikr_v0.01.dir\debug\first_person_camera.obj
d:\cmgarcia\github\vikr\build\vikr_v0.01.dir\debug\renderer_component.obj
d:\cmgarcia\github\vikr\build\vikr_v0.01.dir\debug\mesh_component.obj
d:\cmgarcia\github\vikr\build\vikr_v0.01.dir\debug\transform_component.obj
d:\cmgarcia\github\vikr\build\vikr_v0.01.dir\debug\scene_component.obj
d:\cmgarcia\github\vikr\build\vikr_v0.01.dir\debug\render_target.obj
d:\cmgarcia\github\vikr\build\vikr_v0.01.dir\debug\vikr.obj
d:\cmgarcia\github\vikr\build\vikr_v0.01.dir\debug\resource_manager.obj
d:\cmgarcia\github\vikr\build\vikr_v0.01.dir\debug\gl_resource_manager.obj
d:\cmgarcia\github\vikr\build\vikr_v0.01.dir\debug\vikr_log.obj
d:\cmgarcia\github\vikr\build\vikr_v0.01.dir\debug\stb_image.obj
d:\cmgarcia\github\vikr\build\vikr_v0.01.dir\debug\texture.obj
d:\cmgarcia\github\vikr\build\vikr_v0.01.dir\debug\material.obj
d:\cmgarcia\github\vikr\build\vikr_v0.01.dir\debug\shader.obj
d:\cmgarcia\github\vikr\build\cmakefiles\generate.stamp
d:\cmgarcia\github\vikr\build\debug\vikr_v0.01.lib
d:\cmgarcia\github\vikr\build\debug\vikr_v0.01.pdb
d:\cmgarcia\github\vikr\build\vikr_v0.01.dir\debug\vikr_v0.01.tlog\cl.command.1.tlog
d:\cmgarcia\github\vikr\build\vikr_v0.01.dir\debug\vikr_v0.01.tlog\cl.read.1.tlog
d:\cmgarcia\github\vikr\build\vikr_v0.01.dir\debug\vikr_v0.01.tlog\cl.write.1.tlog
d:\cmgarcia\github\vikr\build\vikr_v0.01.dir\debug\vikr_v0.01.tlog\custombuild.command.1.tlog
d:\cmgarcia\github\vikr\build\vikr_v0.01.dir\debug\vikr_v0.01.tlog\custombuild.read.1.tlog
d:\cmgarcia\github\vikr\build\vikr_v0.01.dir\debug\vikr_v0.01.tlog\custombuild.write.1.tlog
d:\cmgarcia\github\vikr\build\vikr_v0.01.dir\debug\vikr_v0.01.tlog\lib-link.read.1.tlog
d:\cmgarcia\github\vikr\build\vikr_v0.01.dir\debug\vikr_v0.01.tlog\lib-link.write.1.tlog
d:\cmgarcia\github\vikr\build\vikr_v0.01.dir\debug\vikr_v0.01.tlog\lib.command.1.tlog
