  keyboard.cpp
  mouse.cpp
  vk_phydevice.cpp
  vk_device.cpp
  gl4_renderpass.cpp
  gl4_context.cpp
  gl4_pipeline_state.cpp
  cube.cpp
  sphere.cpp
  first_person_camera.cpp
  guid_generator.cpp
  scene_node.cpp
D:\cmgarcia\github\Vikr\vikr-source\renderer/command/primitive_command.hpp(30): warning C4267: 'argument': conversion from 'size_t' to 'vikr::vuint32', possible loss of data
D:\cmgarcia\github\Vikr\vikr-source\renderer/command/primitive_command.hpp(32): warning C4267: 'argument': conversion from 'size_t' to 'vikr::vuint32', possible loss of data
  texture.cpp
  model_loader.cpp
D:\cmgarcia\github\Vikr\vikr-source\renderer/command/primitive_command.hpp(30): warning C4267: 'argument': conversion from 'size_t' to 'vikr::vuint32', possible loss of data
D:\cmgarcia\github\Vikr\vikr-source\renderer/command/primitive_command.hpp(32): warning C4267: 'argument': conversion from 'size_t' to 'vikr::vuint32', possible loss of data
  Generating Code...
gl4_pipeline_state.obj : warning LNK4221: This object file does not define any previously undefined public symbols, so it will not be used by any link operation that consumes this library
  Vikr_v0.01.vcxproj -> D:\cmgarcia\github\Vikr\build\x64\Debug\Vikr_v0.01.lib
