  gl4_context.cpp
  vk_device.cpp
  vk_surface.cpp
  keyboard.cpp
  mouse.cpp
  window.cpp
  mesh_command.cpp
  renderer.cpp
  model_loader.cpp
  gl_resource_manager.cpp
  resource_manager.cpp
  camera_component.cpp
  renderer_component.cpp
  scene_node.cpp
  glsl_linker.cpp
  glsl_shader.cpp
  material.cpp
  shader.cpp
  vikr.cpp
  Generating Code...
gl4_pipeline_state.obj : warning LNK4221: This object file does not define any previously undefined public symbols, so it will not be used by any link operation that consumes this library
  Vikr_v0.01.vcxproj -> D:\cmgarcia\github\Vikr\build\Release\Vikr_v0.01.lib
