d:\cmgarcia\github\vikr\build\vikr_v0.01.dir\release\glad.obj
d:\cmgarcia\github\vikr\build\vikr_v0.01.dir\release\render_queue.obj
d:\cmgarcia\github\vikr\build\vikr_v0.01.dir\release\group_command.obj
d:\cmgarcia\github\vikr\build\vikr_v0.01.dir\release\mesh_command.obj
d:\cmgarcia\github\vikr\build\vikr_v0.01.dir\release\render_command.obj
d:\cmgarcia\github\vikr\build\vikr_v0.01.dir\release\renderer.obj
d:\cmgarcia\github\vikr\build\vikr_v0.01.dir\release\glrenderer.obj
d:\cmgarcia\github\vikr\build\vikr_v0.01.dir\release\gl_rendertarget.obj
d:\cmgarcia\github\vikr\build\vikr_v0.01.dir\release\vkrenderer.obj
d:\cmgarcia\github\vikr\build\vikr_v0.01.dir\release\mesh.obj
d:\cmgarcia\github\vikr\build\vikr_v0.01.dir\release\model.obj
d:\cmgarcia\github\vikr\build\vikr_v0.01.dir\release\glmesh.obj
d:\cmgarcia\github\vikr\build\vikr_v0.01.dir\release\vkmesh.obj
d:\cmgarcia\github\vikr\build\vikr_v0.01.dir\release\sphere.obj
d:\cmgarcia\github\vikr\build\vikr_v0.01.dir\release\quad.obj
d:\cmgarcia\github\vikr\build\vikr_v0.01.dir\release\cube.obj
d:\cmgarcia\github\vikr\build\vikr_v0.01.dir\release\spot_light.obj
d:\cmgarcia\github\vikr\build\vikr_v0.01.dir\release\directional_light.obj
d:\cmgarcia\github\vikr\build\vikr_v0.01.dir\release\point_light.obj
d:\cmgarcia\github\vikr\build\vikr_v0.01.dir\release\mouse.obj
d:\cmgarcia\github\vikr\build\vikr_v0.01.dir\release\keyboard.obj
d:\cmgarcia\github\vikr\build\vikr_v0.01.dir\release\texture.obj
d:\cmgarcia\github\vikr\build\vikr_v0.01.dir\release\material.obj
d:\cmgarcia\github\vikr\build\vikr_v0.01.dir\release\shader.obj
d:\cmgarcia\github\vikr\build\vikr_v0.01.dir\release\glsl_shader.obj
d:\cmgarcia\github\vikr\build\vikr_v0.01.dir\release\glsl_linker.obj
d:\cmgarcia\github\vikr\build\vikr_v0.01.dir\release\glsl_compiler.obj
d:\cmgarcia\github\vikr\build\vikr_v0.01.dir\release\gl_texture3d.obj
d:\cmgarcia\github\vikr\build\vikr_v0.01.dir\release\gl_texture2d.obj
d:\cmgarcia\github\vikr\build\vikr_v0.01.dir\release\gl_texture1d.obj
d:\cmgarcia\github\vikr\build\vikr_v0.01.dir\release\gl_texture.obj
d:\cmgarcia\github\vikr\build\vikr_v0.01.dir\release\glsl_preprocessor.obj
d:\cmgarcia\github\vikr\build\vikr_v0.01.dir\release\spirv_compiler.obj
d:\cmgarcia\github\vikr\build\vikr_v0.01.dir\release\camera.obj
d:\cmgarcia\github\vikr\build\vikr_v0.01.dir\release\transform.obj
d:\cmgarcia\github\vikr\build\vikr_v0.01.dir\release\scene.obj
d:\cmgarcia\github\vikr\build\vikr_v0.01.dir\release\scene_node.obj
d:\cmgarcia\github\vikr\build\vikr_v0.01.dir\release\guid_generator.obj
d:\cmgarcia\github\vikr\build\vikr_v0.01.dir\release\first_person_camera.obj
d:\cmgarcia\github\vikr\build\vikr_v0.01.dir\release\framebuffer.obj
d:\cmgarcia\github\vikr\build\vikr_v0.01.dir\release\render_target.obj
d:\cmgarcia\github\vikr\build\vikr_v0.01.dir\release\vikr.obj
d:\cmgarcia\github\vikr\build\vikr_v0.01.dir\release\gl_resources.obj
d:\cmgarcia\github\vikr\build\vikr_v0.01.dir\release\vikr_log.obj
d:\cmgarcia\github\vikr\build\vikr_v0.01.dir\release\stb_image.obj
d:\cmgarcia\github\vikr\build\cmakefiles\generate.stamp
d:\cmgarcia\github\vikr\build\release\vikr_v0.01.lib
d:\cmgarcia\github\vikr\build\vikr_v0.01.dir\release\vikr_v0.01.tlog\cl.command.1.tlog
d:\cmgarcia\github\vikr\build\vikr_v0.01.dir\release\vikr_v0.01.tlog\cl.read.1.tlog
d:\cmgarcia\github\vikr\build\vikr_v0.01.dir\release\vikr_v0.01.tlog\cl.write.1.tlog
d:\cmgarcia\github\vikr\build\vikr_v0.01.dir\release\vikr_v0.01.tlog\custombuild.command.1.tlog
d:\cmgarcia\github\vikr\build\vikr_v0.01.dir\release\vikr_v0.01.tlog\custombuild.read.1.tlog
d:\cmgarcia\github\vikr\build\vikr_v0.01.dir\release\vikr_v0.01.tlog\custombuild.write.1.tlog
d:\cmgarcia\github\vikr\build\vikr_v0.01.dir\release\vikr_v0.01.tlog\lib-link.read.1.tlog
d:\cmgarcia\github\vikr\build\vikr_v0.01.dir\release\vikr_v0.01.tlog\lib-link.write.1.tlog
d:\cmgarcia\github\vikr\build\vikr_v0.01.dir\release\vikr_v0.01.tlog\lib.command.1.tlog
